<?xml version="1.0" encoding="UTF-8"?>
<!-- Generated by org.testng.reporters.JUnitReportReporter -->
<testsuite hostname="Megha" name="com.leedonline.testcases.GetFileDownloadUrlTest" tests="1" failures="0" timestamp="4 Jun 2018 18:12:28 GMT" time="0.397" errors="0">
  <testcase name="GetFileDownloadUrl" time="0.397" classname="com.leedonline.testcases.GetFileDownloadUrlTest"/>
</testsuite> <!-- com.leedonline.testcases.GetFileDownloadUrlTest -->
