<?xml version="1.0" encoding="UTF-8"?>
<!-- Generated by org.testng.reporters.JUnitReportReporter -->
<testsuite hostname="Megha" name="com.leedonline.testcases.GetLeedProjectListTypeTest" tests="1" failures="0" timestamp="22 Jun 2018 20:35:12 GMT" time="0.942" errors="0">
  <testcase name="GetProjectListType" time="0.942" classname="com.leedonline.testcases.GetLeedProjectListTypeTest"/>
</testsuite> <!-- com.leedonline.testcases.GetLeedProjectListTypeTest -->
