<?xml version="1.0" encoding="UTF-8"?>
<!-- Generated by org.testng.reporters.JUnitReportReporter -->
<testsuite hostname="Megha" name="com.leedonline.testcases.GetPaymentsInfoTest" tests="1" failures="0" timestamp="19 Jun 2018 00:02:44 GMT" time="0.380" errors="0">
  <testcase name="GetPaymentInfo" time="0.380" classname="com.leedonline.testcases.GetPaymentsInfoTest"/>
</testsuite> <!-- com.leedonline.testcases.GetPaymentsInfoTest -->
