<?xml version="1.0" encoding="UTF-8"?>
<!-- Generated by org.testng.reporters.JUnitReportReporter -->
<testsuite hostname="Megha" name="com.leedonline.testcases.Put_Payments_sendTransactionDataToSapTest" tests="1" failures="0" timestamp="17 Aug 2018 17:30:44 GMT" time="0.794" errors="0">
  <testcase name="Put_Payments_sendTransactionDataToSap" time="0.794" classname="com.leedonline.testcases.Put_Payments_sendTransactionDataToSapTest"/>
</testsuite> <!-- com.leedonline.testcases.Put_Payments_sendTransactionDataToSapTest -->
