<?xml version="1.0" encoding="UTF-8"?>
<!-- Generated by org.testng.reporters.JUnitReportReporter -->
<testsuite hostname="Megha" name="com.leedonline.testcases.Get_Files_filesGetListTest" tests="1" failures="0" timestamp="12 Jul 2018 15:37:55 GMT" time="3.067" errors="0">
  <testcase name="GetFilesList" time="3.067" classname="com.leedonline.testcases.Get_Files_filesGetListTest"/>
</testsuite> <!-- com.leedonline.testcases.Get_Files_filesGetListTest -->
