<?xml version="1.0" encoding="UTF-8"?>
<!-- Generated by org.testng.reporters.JUnitReportReporter -->
<testsuite hostname="Megha" name="com.leedonline.testcases.GetClientKeyApiTest" tests="1" failures="0" timestamp="1 May 2018 14:43:13 GMT" time="0.602" errors="0">
  <testcase name="getClientKey" time="0.602" classname="com.leedonline.testcases.GetClientKeyApiTest"/>
</testsuite> <!-- com.leedonline.testcases.GetClientKeyApiTest -->
