<?xml version="1.0" encoding="UTF-8"?>
<!-- Generated by org.testng.reporters.JUnitReportReporter -->
<testsuite hostname="Megha" name="com.leedonline.testcases.PutApiTestAccessData" tests="1" failures="0" timestamp="7 May 2018 19:16:59 GMT" time="0.437" errors="0">
  <testcase name="putApiTestAccess" time="0.437" classname="com.leedonline.testcases.PutApiTestAccessData"/>
</testsuite> <!-- com.leedonline.testcases.PutApiTestAccessData -->
