<?xml version="1.0" encoding="UTF-8"?>
<!-- Generated by org.testng.reporters.JUnitReportReporter -->
<testsuite hostname="Megha" name="com.leedonline.testcases.GetInvalidateTokenApiTest" tests="1" failures="0" timestamp="2 May 2018 03:47:19 GMT" time="0.270" errors="0">
  <testcase name="invalidateTokenApi" time="0.270" classname="com.leedonline.testcases.GetInvalidateTokenApiTest"/>
</testsuite> <!-- com.leedonline.testcases.GetInvalidateTokenApiTest -->
