<?xml version="1.0" encoding="UTF-8"?>
<!-- Generated by org.testng.reporters.JUnitReportReporter -->
<testsuite hostname="Megha" name="com.leedonline.testcases.Get_LEED_projectMoreInfoTest" tests="1" failures="0" timestamp="6 Jul 2018 04:39:36 GMT" time="1.526" errors="0">
  <testcase name="GetLeedMoreInfo" time="1.526" classname="com.leedonline.testcases.Get_LEED_projectMoreInfoTest"/>
</testsuite> <!-- com.leedonline.testcases.Get_LEED_projectMoreInfoTest -->
