<?xml version="1.0" encoding="UTF-8"?>
<!-- Generated by org.testng.reporters.JUnitReportReporter -->
<testsuite hostname="Megha" name="com.leedonline.testcases.GetLeedPricingDefaultVersionTest" tests="1" failures="0" timestamp="22 Jun 2018 20:35:12 GMT" time="0.917" errors="0">
  <testcase name="GetLeedPricingDefaultVersion" time="0.917" classname="com.leedonline.testcases.GetLeedPricingDefaultVersionTest"/>
</testsuite> <!-- com.leedonline.testcases.GetLeedPricingDefaultVersionTest -->
