<?xml version="1.0" encoding="UTF-8"?>
<!-- Generated by org.testng.reporters.JUnitReportReporter -->
<testsuite hostname="Megha" name="com.leedonline.testcases.GetCountryAndStateTest" tests="1" failures="0" timestamp="22 Jun 2018 20:35:12 GMT" time="1.316" errors="0">
  <testcase name="GetCountryAndStates" time="1.316" classname="com.leedonline.testcases.GetCountryAndStateTest"/>
</testsuite> <!-- com.leedonline.testcases.GetCountryAndStateTest -->
