<?xml version="1.0" encoding="UTF-8"?>
<!-- Generated by org.testng.reporters.JUnitReportReporter -->
<testsuite hostname="Megha" name="com.leedonline.testcases.LeedGetInfoTest" tests="1" failures="0" timestamp="1 May 2018 19:53:48 GMT" time="0.646" errors="0">
  <testcase name="LeedGetInfo" time="0.646" classname="com.leedonline.testcases.LeedGetInfoTest"/>
</testsuite> <!-- com.leedonline.testcases.LeedGetInfoTest -->
