<?xml version="1.0" encoding="UTF-8"?>
<!-- Generated by org.testng.reporters.JUnitReportReporter -->
<testsuite hostname="Megha" name="com.leedonline.testcases.GetPriceReleatedInfoTest" tests="1" failures="0" timestamp="22 Jun 2018 20:35:12 GMT" time="1.128" errors="0">
  <testcase name="GetPriceReleatedInfo" time="1.128" classname="com.leedonline.testcases.GetPriceReleatedInfoTest"/>
</testsuite> <!-- com.leedonline.testcases.GetPriceReleatedInfoTest -->
