<?xml version="1.0" encoding="UTF-8"?>
<!-- Generated by org.testng.reporters.JUnitReportReporter -->
<testsuite hostname="Megha" name="com.leedonline.testcases.GetLeedPricingDefaultVersionTest" tests="1" failures="0" timestamp="7 May 2018 19:16:59 GMT" time="0.304" errors="0">
  <testcase name="GetLeedPricingDefaultVersion" time="0.304" classname="com.leedonline.testcases.GetLeedPricingDefaultVersionTest"/>
</testsuite> <!-- com.leedonline.testcases.GetLeedPricingDefaultVersionTest -->
