<?xml version="1.0" encoding="UTF-8"?>
<!-- Generated by org.testng.reporters.JUnitReportReporter -->
<testsuite hostname="Megha" name="com.leedonline.testcases.Post_Files_filesUploadTest" tests="1" failures="0" timestamp="24 Aug 2018 15:03:49 GMT" time="2.379" errors="0">
  <testcase name="Post_Files_filesUpload" time="2.379" classname="com.leedonline.testcases.Post_Files_filesUploadTest"/>
</testsuite> <!-- com.leedonline.testcases.Post_Files_filesUploadTest -->
