<?xml version="1.0" encoding="UTF-8"?>
<!-- Generated by org.testng.reporters.JUnitReportReporter -->
<testsuite hostname="Megha" name="com.leedonline.testcases.GetFilesListTest" tests="1" failures="0" timestamp="19 Jun 2018 00:02:44 GMT" time="1.280" errors="0">
  <testcase name="GetFilesList" time="1.280" classname="com.leedonline.testcases.GetFilesListTest"/>
</testsuite> <!-- com.leedonline.testcases.GetFilesListTest -->
