<?xml version="1.0" encoding="UTF-8"?>
<!-- Generated by org.testng.reporters.JUnitReportReporter -->
<testsuite hostname="Megha" name="com.leedonline.testcases.DeleteApiTestAccessData" tests="1" failures="0" timestamp="8 May 2018 21:03:13 GMT" time="0.651" errors="0">
  <testcase name="deleteApiTestAccessData" time="0.651" classname="com.leedonline.testcases.DeleteApiTestAccessData"/>
</testsuite> <!-- com.leedonline.testcases.DeleteApiTestAccessData -->
