<?xml version="1.0" encoding="UTF-8"?>
<!-- Generated by org.testng.reporters.JUnitReportReporter -->
<testsuite hostname="Megha" name="com.leedonline.testcases.Post_Common_validateCaGBCMemberTest" tests="1" failures="0" timestamp="6 Jul 2018 04:39:36 GMT" time="1.401" errors="0">
  <testcase name="PostValidateCaGBCMember" time="1.401" classname="com.leedonline.testcases.Post_Common_validateCaGBCMemberTest"/>
</testsuite> <!-- com.leedonline.testcases.Post_Common_validateCaGBCMemberTest -->
