<?xml version="1.0" encoding="UTF-8"?>
<!-- Generated by org.testng.reporters.JUnitReportReporter -->
<testsuite hostname="Megha" name="com.leedonline.testcases.PutApiProjectDetailsTest" tests="1" failures="0" timestamp="14 Jun 2018 17:49:01 GMT" time="0.746" errors="0">
  <testcase name="putApiProjectDetails" time="0.746" classname="com.leedonline.testcases.PutApiProjectDetailsTest"/>
</testsuite> <!-- com.leedonline.testcases.PutApiProjectDetailsTest -->
