<?xml version="1.0" encoding="UTF-8"?>
<!-- Generated by org.testng.reporters.JUnitReportReporter -->
<testsuite hostname="Megha" name="com.leedonline.testcases.Get_LEEDPricing_getPriceVersionsInfoTest" tests="1" failures="0" timestamp="12 Jul 2018 18:39:33 GMT" time="0.743" errors="0">
  <testcase name="Get_LEEDPricing_getPriceVersionsInfo" time="0.743" classname="com.leedonline.testcases.Get_LEEDPricing_getPriceVersionsInfoTest"/>
</testsuite> <!-- com.leedonline.testcases.Get_LEEDPricing_getPriceVersionsInfoTest -->
