<?xml version="1.0" encoding="UTF-8"?>
<!-- Generated by org.testng.reporters.JUnitReportReporter -->
<testsuite hostname="Megha" name="com.leedonline.testcases.GetLeedProjectDetailsTypeTest" tests="1" failures="0" timestamp="22 Jun 2018 20:35:12 GMT" time="0.951" errors="0">
  <testcase name="GetProjectDetailsType" time="0.951" classname="com.leedonline.testcases.GetLeedProjectDetailsTypeTest"/>
</testsuite> <!-- com.leedonline.testcases.GetLeedProjectDetailsTypeTest -->
