<?xml version="1.0" encoding="UTF-8"?>
<!-- Generated by org.testng.reporters.JUnitReportReporter -->
<testsuite hostname="Megha" name="com.leedonline.testcases.Put_Files_UpdateLinkedIdInfoTest" tests="1" failures="0" timestamp="6 Jul 2018 04:39:36 GMT" time="1.082" errors="0">
  <testcase name="putFileUpdateLinkedIdInfo" time="1.082" classname="com.leedonline.testcases.Put_Files_UpdateLinkedIdInfoTest"/>
</testsuite> <!-- com.leedonline.testcases.Put_Files_UpdateLinkedIdInfoTest -->
