<?xml version="1.0" encoding="UTF-8"?>
<!-- Generated by org.testng.reporters.JUnitReportReporter -->
<testsuite hostname="Megha" name="com.leedonline.testcases.Get_Common_getTaxForAmountTest" tests="1" failures="0" timestamp="6 Jul 2018 04:39:36 GMT" time="0.866" errors="0">
  <testcase name="GetTaxForAmount" time="0.866" classname="com.leedonline.testcases.Get_Common_getTaxForAmountTest"/>
</testsuite> <!-- com.leedonline.testcases.Get_Common_getTaxForAmountTest -->
