<?xml version="1.0" encoding="UTF-8"?>
<!-- Generated by org.testng.reporters.JUnitReportReporter -->
<testsuite hostname="Megha" name="com.leedonline.testcases.GetInterpretationTypeTest" tests="1" failures="0" timestamp="22 Jun 2018 20:35:12 GMT" time="1.203" errors="0">
  <testcase name="GetInterpretationTypeTest" time="1.203" classname="com.leedonline.testcases.GetInterpretationTypeTest"/>
</testsuite> <!-- com.leedonline.testcases.GetInterpretationTypeTest -->
