<?xml version="1.0" encoding="UTF-8"?>
<!-- Generated by org.testng.reporters.JUnitReportReporter -->
<testsuite hostname="Megha" name="com.leedonline.testcases.ApiTestAccessUpdateData" tests="1" failures="0" timestamp="1 May 2018 14:43:13 GMT" time="0.427" errors="0">
  <testcase name="putApiTestAccess" time="0.427" classname="com.leedonline.testcases.ApiTestAccessUpdateData"/>
</testsuite> <!-- com.leedonline.testcases.ApiTestAccessUpdateData -->
