<?xml version="1.0" encoding="UTF-8"?>
<!-- Generated by org.testng.reporters.JUnitReportReporter -->
<testsuite hostname="Megha" name="com.leedonline.testcases.Put_Payments_sendTransactionDataToSapTest" tests="1" failures="0" timestamp="6 Jul 2018 04:39:36 GMT" time="1.221" errors="0">
  <testcase name="PutPaymentsSendTransactionDataToSap" time="1.221" classname="com.leedonline.testcases.Put_Payments_sendTransactionDataToSapTest"/>
</testsuite> <!-- com.leedonline.testcases.Put_Payments_sendTransactionDataToSapTest -->
