<?xml version="1.0" encoding="UTF-8"?>
<!-- Generated by org.testng.reporters.JUnitReportReporter -->
<testsuite hostname="Megha" name="com.leedonline.testcases.Get_Api_invalidateTokenTest" tests="1" failures="0" timestamp="24 Aug 2018 15:03:49 GMT" time="0.935" errors="0">
  <testcase name="Get_Api_invalidateToken" time="0.935" classname="com.leedonline.testcases.Get_Api_invalidateTokenTest"/>
</testsuite> <!-- com.leedonline.testcases.Get_Api_invalidateTokenTest -->
