<?xml version="1.0" encoding="UTF-8"?>
<!-- Generated by org.testng.reporters.JUnitReportReporter -->
<testsuite hostname="Megha" name="com.leedonline.testcases.GetClarificationTypeTest" tests="1" failures="0" timestamp="7 May 2018 19:16:59 GMT" time="0.409" errors="0">
  <testcase name="GetClarification" time="0.409" classname="com.leedonline.testcases.GetClarificationTypeTest"/>
</testsuite> <!-- com.leedonline.testcases.GetClarificationTypeTest -->
