<?xml version="1.0" encoding="UTF-8"?>
<!-- Generated by org.testng.reporters.JUnitReportReporter -->
<testsuite hostname="Megha" name="com.leedonline.testcases.GetLeedInfoTest" tests="1" failures="0" timestamp="22 Jun 2018 20:35:12 GMT" time="1.343" errors="0">
  <testcase name="GetLeedInfo" time="1.343" classname="com.leedonline.testcases.GetLeedInfoTest"/>
</testsuite> <!-- com.leedonline.testcases.GetLeedInfoTest -->
