<?xml version="1.0" encoding="UTF-8"?>
<!-- Generated by org.testng.reporters.JUnitReportReporter -->
<testsuite hostname="Megha" name="com.leedonline.testcases.Post_Common_validatePostalCodeTest" tests="1" failures="0" timestamp="6 Jul 2018 04:39:36 GMT" time="0.953" errors="0">
  <testcase name="PostValidatePostalCode" time="0.953" classname="com.leedonline.testcases.Post_Common_validatePostalCodeTest"/>
</testsuite> <!-- com.leedonline.testcases.Post_Common_validatePostalCodeTest -->
