<?xml version="1.0" encoding="UTF-8"?>
<!-- Generated by org.testng.reporters.JUnitReportReporter -->
<testsuite hostname="Megha" name="com.leedonline.testcases.Get_LEEDPricing_getVersionsPricesInfoTest" tests="1" failures="0" timestamp="12 Jul 2018 18:39:33 GMT" time="0.839" errors="0">
  <testcase name="Get_LEEDPricing_getVersionsPricesInfo" time="0.839" classname="com.leedonline.testcases.Get_LEEDPricing_getVersionsPricesInfoTest"/>
</testsuite> <!-- com.leedonline.testcases.Get_LEEDPricing_getVersionsPricesInfoTest -->
