<?xml version="1.0" encoding="UTF-8"?>
<!-- Generated by org.testng.reporters.JUnitReportReporter -->
<testsuite hostname="Megha" name="com.leedonline.testcases.AuthenticateApiTest" tests="1" failures="0" timestamp="1 May 2018 14:43:13 GMT" time="3.483" errors="0">
  <testcase name="authenticate" time="3.483" classname="com.leedonline.testcases.AuthenticateApiTest"/>
</testsuite> <!-- com.leedonline.testcases.AuthenticateApiTest -->
