<?xml version="1.0" encoding="UTF-8"?>
<!-- Generated by org.testng.reporters.JUnitReportReporter -->
<testsuite hostname="Megha" name="com.leedonline.testcases.Get_Files_getDownloadUrlTest" tests="1" failures="0" timestamp="24 Aug 2018 15:03:49 GMT" time="0.808" errors="0">
  <testcase name="Get_Files_getDownloadUrl" time="0.808" classname="com.leedonline.testcases.Get_Files_getDownloadUrlTest"/>
</testsuite> <!-- com.leedonline.testcases.Get_Files_getDownloadUrlTest -->
