<?xml version="1.0" encoding="UTF-8"?>
<!-- Generated by org.testng.reporters.JUnitReportReporter -->
<testsuite hostname="Megha" name="com.leedonline.testcases.ApiTestAccessDeleteData" tests="1" failures="0" timestamp="1 May 2018 18:38:50 GMT" time="0.220" errors="0">
  <testcase name="deleteApiTestAccessData" time="0.220" classname="com.leedonline.testcases.ApiTestAccessDeleteData"/>
</testsuite> <!-- com.leedonline.testcases.ApiTestAccessDeleteData -->
