<?xml version="1.0" encoding="UTF-8"?>
<!-- Generated by org.testng.reporters.JUnitReportReporter -->
<testsuite hostname="Megha" name="com.leedonline.testcases.DeleteApiTestAccessDataTest" tests="1" failures="0" timestamp="22 Jun 2018 20:35:12 GMT" time="1.210" errors="0">
  <testcase name="deleteApiTestAccessData" time="1.210" classname="com.leedonline.testcases.DeleteApiTestAccessDataTest"/>
</testsuite> <!-- com.leedonline.testcases.DeleteApiTestAccessDataTest -->
