<?xml version="1.0" encoding="UTF-8"?>
<!-- Generated by org.testng.reporters.JUnitReportReporter -->
<testsuite hostname="Megha" name="com.leedonline.testcases.GetLeedProjectsListTest" tests="1" failures="0" timestamp="19 Jun 2018 00:02:44 GMT" time="0.339" errors="0">
  <testcase name="GetLeedProjectsList" time="0.339" classname="com.leedonline.testcases.GetLeedProjectsListTest"/>
</testsuite> <!-- com.leedonline.testcases.GetLeedProjectsListTest -->
