<?xml version="1.0" encoding="UTF-8"?>
<!-- Generated by org.testng.reporters.JUnitReportReporter -->
<testsuite hostname="Megha" name="com.leedonline.testcases.GetLeedProjectsListTest" tests="1" failures="0" timestamp="6 Jul 2018 04:39:36 GMT" time="0.991" errors="0">
  <testcase name="GetLeedProjectsList" time="0.991" classname="com.leedonline.testcases.GetLeedProjectsListTest"/>
</testsuite> <!-- com.leedonline.testcases.GetLeedProjectsListTest -->
