<?xml version="1.0" encoding="UTF-8"?>
<!-- Generated by org.testng.reporters.JUnitReportReporter -->
<testsuite hostname="Megha" name="com.leedonline.testcases.PutApiTestAccessData" tests="1" failures="0" timestamp="8 May 2018 21:03:13 GMT" time="0.561" errors="0">
  <testcase name="putApiTestAccess" time="0.561" classname="com.leedonline.testcases.PutApiTestAccessData"/>
</testsuite> <!-- com.leedonline.testcases.PutApiTestAccessData -->
