<?xml version="1.0" encoding="UTF-8"?>
<!-- Generated by org.testng.reporters.JUnitReportReporter -->
<testsuite hostname="Megha" name="com.leedonline.testcases.GetLeedInfoTest" tests="1" failures="0" timestamp="4 Jun 2018 18:12:28 GMT" time="0.384" errors="0">
  <testcase name="GetLeedInfo" time="0.384" classname="com.leedonline.testcases.GetLeedInfoTest"/>
</testsuite> <!-- com.leedonline.testcases.GetLeedInfoTest -->
