<?xml version="1.0" encoding="UTF-8"?>
<!-- Generated by org.testng.reporters.JUnitReportReporter -->
<testsuite hostname="Megha" name="com.leedonline.testcases.PostFileUploadTest" tests="1" failures="0" timestamp="22 Jun 2018 20:35:12 GMT" time="2.607" errors="0">
  <testcase name="PostFileUpload" time="2.607" classname="com.leedonline.testcases.PostFileUploadTest"/>
</testsuite> <!-- com.leedonline.testcases.PostFileUploadTest -->
