<?xml version="1.0" encoding="UTF-8"?>
<!-- Generated by org.testng.reporters.JUnitReportReporter -->
<testsuite hostname="Megha" name="com.leedonline.testcases.Get_Api_memberCredentialsTest" tests="1" failures="0" timestamp="24 Aug 2018 15:03:49 GMT" time="1.353" errors="0">
  <testcase name="Get_Api_memberCredentials" time="1.353" classname="com.leedonline.testcases.Get_Api_memberCredentialsTest"/>
</testsuite> <!-- com.leedonline.testcases.Get_Api_memberCredentialsTest -->
