<?xml version="1.0" encoding="UTF-8"?>
<!-- Generated by org.testng.reporters.JUnitReportReporter -->
<testsuite hostname="Megha" name="com.leedonline.testcases.GetFileDownloadUrlTest" tests="1" failures="0" timestamp="22 Jun 2018 20:35:12 GMT" time="0.671" errors="0">
  <testcase name="GetFileDownloadUrl" time="0.671" classname="com.leedonline.testcases.GetFileDownloadUrlTest"/>
</testsuite> <!-- com.leedonline.testcases.GetFileDownloadUrlTest -->
