<?xml version="1.0" encoding="UTF-8"?>
<!-- Generated by org.testng.reporters.JUnitReportReporter -->
<testsuite hostname="Megha" name="com.leedonline.testcases.PostAuthenticateApiTest" tests="1" failures="0" timestamp="7 May 2018 19:16:59 GMT" time="2.328" errors="0">
  <testcase name="authenticate" time="2.328" classname="com.leedonline.testcases.PostAuthenticateApiTest"/>
</testsuite> <!-- com.leedonline.testcases.PostAuthenticateApiTest -->
