<?xml version="1.0" encoding="UTF-8"?>
<!-- Generated by org.testng.reporters.JUnitReportReporter -->
<testsuite hostname="Megha" name="com.leedonline.testcases.LeedGetInfo" tests="1" failures="0" timestamp="1 May 2018 18:57:31 GMT" time="0.576" errors="0">
  <testcase name="getMemInfoApi" time="0.576" classname="com.leedonline.testcases.LeedGetInfo"/>
</testsuite> <!-- com.leedonline.testcases.LeedGetInfo -->
