<?xml version="1.0" encoding="UTF-8"?>
<!-- Generated by org.testng.reporters.JUnitReportReporter -->
<testsuite hostname="Megha" name="com.leedonline.testcases.GetFilesListTest" tests="1" failures="0" timestamp="4 Jun 2018 18:12:28 GMT" time="1.719" errors="0">
  <testcase name="GetFilesList" time="1.719" classname="com.leedonline.testcases.GetFilesListTest"/>
</testsuite> <!-- com.leedonline.testcases.GetFilesListTest -->
