<?xml version="1.0" encoding="UTF-8"?>
<!-- Generated by org.testng.reporters.JUnitReportReporter -->
<testsuite hostname="Megha" name="com.leedonline.testcases.GetApiTestAccessDataTest" tests="1" failures="0" timestamp="22 Jun 2018 20:35:12 GMT" time="1.033" errors="0">
  <testcase name="GetApiTestAccessData" time="1.033" classname="com.leedonline.testcases.GetApiTestAccessDataTest"/>
</testsuite> <!-- com.leedonline.testcases.GetApiTestAccessDataTest -->
