<?xml version="1.0" encoding="UTF-8"?>
<!-- Generated by org.testng.reporters.JUnitReportReporter -->
<testsuite hostname="Megha" name="com.leedonline.testcases.Put_Api_testAccessDataTest" tests="1" failures="0" timestamp="6 Jul 2018 04:39:36 GMT" time="0.676" errors="0">
  <testcase name="putApiTestAccess" time="0.676" classname="com.leedonline.testcases.Put_Api_testAccessDataTest"/>
</testsuite> <!-- com.leedonline.testcases.Put_Api_testAccessDataTest -->
