<?xml version="1.0" encoding="UTF-8"?>
<!-- Generated by org.testng.reporters.JUnitReportReporter -->
<testsuite hostname="Megha" name="com.leedonline.testcases.GetTaxForAmountTest" tests="1" failures="0" timestamp="22 Jun 2018 20:35:12 GMT" time="1.061" errors="0">
  <testcase name="GetTaxForAmount" time="1.061" classname="com.leedonline.testcases.GetTaxForAmountTest"/>
</testsuite> <!-- com.leedonline.testcases.GetTaxForAmountTest -->
