<?xml version="1.0" encoding="UTF-8"?>
<!-- Generated by org.testng.reporters.JUnitReportReporter -->
<testsuite hostname="Megha" name="com.leedonline.testcases.Get_LEED_projectDownloadTest" tests="1" failures="0" timestamp="24 Aug 2018 15:03:49 GMT" time="2.618" errors="0">
  <testcase name="Get_LEED_projectDownload" time="2.618" classname="com.leedonline.testcases.Get_LEED_projectDownloadTest"/>
</testsuite> <!-- com.leedonline.testcases.Get_LEED_projectDownloadTest -->
