<?xml version="1.0" encoding="UTF-8"?>
<!-- Generated by org.testng.reporters.JUnitReportReporter -->
<testsuite hostname="Megha" name="com.leedonline.testcases.GetApiTestAccessData" tests="1" failures="0" timestamp="2 May 2018 03:47:19 GMT" time="0.321" errors="0">
  <testcase name="getApiTestAccessData" time="0.321" classname="com.leedonline.testcases.GetApiTestAccessData"/>
</testsuite> <!-- com.leedonline.testcases.GetApiTestAccessData -->
