<?xml version="1.0" encoding="UTF-8"?>
<!-- Generated by org.testng.reporters.JUnitReportReporter -->
<testsuite hostname="Megha" name="com.leedonline.testcases.PostAuthenticateApiTest" tests="1" failures="0" timestamp="2 May 2018 03:47:19 GMT" time="4.329" errors="0">
  <testcase name="authenticate" time="4.329" classname="com.leedonline.testcases.PostAuthenticateApiTest"/>
</testsuite> <!-- com.leedonline.testcases.PostAuthenticateApiTest -->
