<?xml version="1.0" encoding="UTF-8"?>
<!-- Generated by org.testng.reporters.JUnitReportReporter -->
<testsuite hostname="Megha" name="com.leedonline.testcases.InvalidateTokenApiTest" tests="1" failures="0" timestamp="1 May 2018 14:43:13 GMT" time="0.257" errors="0">
  <testcase name="invalidateTokenApi" time="0.257" classname="com.leedonline.testcases.InvalidateTokenApiTest"/>
</testsuite> <!-- com.leedonline.testcases.InvalidateTokenApiTest -->
