<?xml version="1.0" encoding="UTF-8"?>
<!-- Generated by org.testng.reporters.JUnitReportReporter -->
<testsuite hostname="Megha" name="com.leedonline.testcases.GetPriceReleatedInfoTest" tests="1" failures="0" timestamp="7 May 2018 19:16:59 GMT" time="0.396" errors="0">
  <testcase name="GetPriceReleatedInfo" time="0.396" classname="com.leedonline.testcases.GetPriceReleatedInfoTest"/>
</testsuite> <!-- com.leedonline.testcases.GetPriceReleatedInfoTest -->
