<?xml version="1.0" encoding="UTF-8"?>
<!-- Generated by org.testng.reporters.JUnitReportReporter -->
<testsuite hostname="Megha" name="com.leedonline.testcases.GetProjectDetailsTypeTest" tests="1" failures="0" timestamp="18 Jun 2018 17:35:03 GMT" time="0.370" errors="0">
  <testcase name="GetProjectDetailsType" time="0.370" classname="com.leedonline.testcases.GetProjectDetailsTypeTest"/>
</testsuite> <!-- com.leedonline.testcases.GetProjectDetailsTypeTest -->
