<?xml version="1.0" encoding="UTF-8"?>
<!-- Generated by org.testng.reporters.JUnitReportReporter -->
<testsuite hostname="Megha" name="com.leedonline.testcases.Post_Api_authenticateTest" tests="1" failures="0" timestamp="24 Aug 2018 15:03:49 GMT" time="4.110" errors="0">
  <testcase name="Post_Api_authenticate" time="4.110" classname="com.leedonline.testcases.Post_Api_authenticateTest"/>
</testsuite> <!-- com.leedonline.testcases.Post_Api_authenticateTest -->
