<?xml version="1.0" encoding="UTF-8"?>
<!-- Generated by org.testng.reporters.JUnitReportReporter -->
<testsuite hostname="Megha" name="com.leedonline.testcases.DeleteApiTestAccessDataTest" tests="1" failures="0" timestamp="6 Jul 2018 04:39:36 GMT" time="0.750" errors="0">
  <testcase name="deleteApiTestAccessData" time="0.750" classname="com.leedonline.testcases.DeleteApiTestAccessDataTest"/>
</testsuite> <!-- com.leedonline.testcases.DeleteApiTestAccessDataTest -->
