<?xml version="1.0" encoding="UTF-8"?>
<!-- Generated by org.testng.reporters.JUnitReportReporter -->
<testsuite hostname="Megha" name="com.leedonline.testcases.Get_Files_dmsProxyTest" tests="1" failures="0" timestamp="6 Jul 2018 04:39:36 GMT" time="0.925" errors="0">
  <testcase name="GetFileDmsProxy" time="0.925" classname="com.leedonline.testcases.Get_Files_dmsProxyTest"/>
</testsuite> <!-- com.leedonline.testcases.Get_Files_dmsProxyTest -->
