<?xml version="1.0" encoding="UTF-8"?>
<!-- Generated by org.testng.reporters.JUnitReportReporter -->
<testsuite hostname="Megha" name="com.leedonline.testcases.GetLeedPricingPriceVersionInfoTest" tests="1" failures="0" timestamp="7 May 2018 19:16:59 GMT" time="0.280" errors="0">
  <testcase name="GetLeedPricingPriceVersionInfo" time="0.280" classname="com.leedonline.testcases.GetLeedPricingPriceVersionInfoTest"/>
</testsuite> <!-- com.leedonline.testcases.GetLeedPricingPriceVersionInfoTest -->
