<?xml version="1.0" encoding="UTF-8"?>
<!-- Generated by org.testng.reporters.JUnitReportReporter -->
<testsuite hostname="Megha" name="com.leedonline.testcases.PostFileUploadTest" tests="1" failures="0" timestamp="19 Jun 2018 00:02:44 GMT" time="0.232" errors="0">
  <testcase name="PostFileUpload" time="0.232" classname="com.leedonline.testcases.PostFileUploadTest"/>
</testsuite> <!-- com.leedonline.testcases.PostFileUploadTest -->
