<?xml version="1.0" encoding="UTF-8"?>
<!-- Generated by org.testng.reporters.JUnitReportReporter -->
<testsuite hostname="Megha" name="com.leedonline.testcases.Get_LEEDPricing_downloadUploadedExcelTest" tests="1" failures="0" timestamp="6 Jul 2018 04:39:36 GMT" time="0.837" errors="0">
  <testcase name="GetLeedPricingDownloadUploadedExcel" time="0.837" classname="com.leedonline.testcases.Get_LEEDPricing_downloadUploadedExcelTest"/>
</testsuite> <!-- com.leedonline.testcases.Get_LEEDPricing_downloadUploadedExcelTest -->
