<?xml version="1.0" encoding="UTF-8"?>
<!-- Generated by org.testng.reporters.JUnitReportReporter -->
<testsuite hostname="Megha" name="com.leedonline.testcases.GetFilesListTest" tests="1" failures="0" timestamp="7 May 2018 19:16:59 GMT" time="2.436" errors="0">
  <testcase name="GetFilesList" time="2.436" classname="com.leedonline.testcases.GetFilesListTest"/>
</testsuite> <!-- com.leedonline.testcases.GetFilesListTest -->
