<?xml version="1.0" encoding="UTF-8"?>
<!-- Generated by org.testng.reporters.JUnitReportReporter -->
<testsuite hostname="Megha" name="com.leedonline.testcases.GetPriceReleatedInfoTest" tests="1" failures="0" timestamp="19 Jun 2018 00:02:44 GMT" time="0.346" errors="0">
  <testcase name="GetPriceReleatedInfo" time="0.346" classname="com.leedonline.testcases.GetPriceReleatedInfoTest"/>
</testsuite> <!-- com.leedonline.testcases.GetPriceReleatedInfoTest -->
