<?xml version="1.0" encoding="UTF-8"?>
<!-- Generated by org.testng.reporters.JUnitReportReporter -->
<testsuite hostname="Megha" name="com.leedonline.testcases.Delete_Files_deleteFilesTest" tests="1" failures="0" timestamp="24 Aug 2018 15:03:49 GMT" time="0.891" errors="0">
  <testcase name="Delete_Files_deleteFiles" time="0.891" classname="com.leedonline.testcases.Delete_Files_deleteFilesTest"/>
</testsuite> <!-- com.leedonline.testcases.Delete_Files_deleteFilesTest -->
