<?xml version="1.0" encoding="UTF-8"?>
<!-- Generated by org.testng.reporters.JUnitReportReporter -->
<testsuite hostname="Megha" name="com.leedonline.testcases.DeleteApiTestAccessData" tests="1" failures="0" timestamp="2 May 2018 03:47:19 GMT" time="0.379" errors="0">
  <testcase name="deleteApiTestAccessData" time="0.379" classname="com.leedonline.testcases.DeleteApiTestAccessData"/>
</testsuite> <!-- com.leedonline.testcases.DeleteApiTestAccessData -->
