<?xml version="1.0" encoding="UTF-8"?>
<!-- Generated by org.testng.reporters.JUnitReportReporter -->
<testsuite hostname="Megha" name="com.leedonline.testcases.GetLeedProjectDetailsTypeTest" tests="1" failures="0" timestamp="19 Jun 2018 00:02:44 GMT" time="0.332" errors="0">
  <testcase name="GetProjectDetailsType" time="0.332" classname="com.leedonline.testcases.GetLeedProjectDetailsTypeTest"/>
</testsuite> <!-- com.leedonline.testcases.GetLeedProjectDetailsTypeTest -->
