<?xml version="1.0" encoding="UTF-8"?>
<!-- Generated by org.testng.reporters.JUnitReportReporter -->
<testsuite hostname="Megha" name="com.leedonline.testcases.GetMemInfoApiTest" tests="1" failures="0" timestamp="19 Jun 2018 00:02:44 GMT" time="0.470" errors="0">
  <testcase name="GetMemInfoApi" time="0.470" classname="com.leedonline.testcases.GetMemInfoApiTest"/>
</testsuite> <!-- com.leedonline.testcases.GetMemInfoApiTest -->
