<?xml version="1.0" encoding="UTF-8"?>
<!-- Generated by org.testng.reporters.JUnitReportReporter -->
<testsuite hostname="Megha" name="com.leedonline.testcases.AuthenticateApiTest" tests="1" failures="0" timestamp="1 May 2018 18:38:50 GMT" time="2.897" errors="0">
  <testcase name="authenticate" time="2.897" classname="com.leedonline.testcases.AuthenticateApiTest"/>
</testsuite> <!-- com.leedonline.testcases.AuthenticateApiTest -->
