<?xml version="1.0" encoding="UTF-8"?>
<!-- Generated by org.testng.reporters.JUnitReportReporter -->
<testsuite hostname="Megha" name="com.leedonline.testcases.GetProjectDetailsTypeTest" tests="1" failures="0" timestamp="2 May 2018 03:47:19 GMT" time="0.307" errors="0">
  <testcase name="ProjectDetailsType" time="0.307" classname="com.leedonline.testcases.GetProjectDetailsTypeTest"/>
</testsuite> <!-- com.leedonline.testcases.GetProjectDetailsTypeTest -->
