<?xml version="1.0" encoding="UTF-8"?>
<!-- Generated by org.testng.reporters.JUnitReportReporter -->
<testsuite hostname="Megha" name="com.leedonline.testcases.Put_LEED_projectDetailsTest" tests="1" failures="0" timestamp="24 Aug 2018 15:03:49 GMT" time="3.023" errors="0">
  <testcase name="Put_LEED_projectDetails" time="3.023" classname="com.leedonline.testcases.Put_LEED_projectDetailsTest"/>
</testsuite> <!-- com.leedonline.testcases.Put_LEED_projectDetailsTest -->
