<?xml version="1.0" encoding="UTF-8"?>
<!-- Generated by org.testng.reporters.JUnitReportReporter -->
<testsuite hostname="Megha" name="com.leedonline.testcases.Get_Payments_getInfoTest" tests="1" failures="0" timestamp="6 Jul 2018 04:39:36 GMT" time="0.935" errors="0">
  <testcase name="GetPaymentInfo" time="0.935" classname="com.leedonline.testcases.Get_Payments_getInfoTest"/>
</testsuite> <!-- com.leedonline.testcases.Get_Payments_getInfoTest -->
