<?xml version="1.0" encoding="UTF-8"?>
<!-- Generated by org.testng.reporters.JUnitReportReporter -->
<testsuite hostname="Megha" name="com.leedonline.testcases.GetPaymentsProgramPaymentTest" tests="1" failures="0" timestamp="22 Jun 2018 20:35:12 GMT" time="1.222" errors="0">
  <testcase name="GetPaymentsProgramPayment" time="1.222" classname="com.leedonline.testcases.GetPaymentsProgramPaymentTest"/>
</testsuite> <!-- com.leedonline.testcases.GetPaymentsProgramPaymentTest -->
