<?xml version="1.0" encoding="UTF-8"?>
<!-- Generated by org.testng.reporters.JUnitReportReporter -->
<testsuite hostname="Megha" name="com.leedonline.testcases.GetInterpretationTypeTest" tests="1" failures="0" timestamp="4 Jun 2018 18:12:28 GMT" time="1.541" errors="0">
  <testcase name="GetInterpretationTypeTest" time="1.541" classname="com.leedonline.testcases.GetInterpretationTypeTest"/>
</testsuite> <!-- com.leedonline.testcases.GetInterpretationTypeTest -->
