<?xml version="1.0" encoding="UTF-8"?>
<!-- Generated by org.testng.reporters.JUnitReportReporter -->
<testsuite hostname="Megha" name="com.leedonline.testcases.Post_Common_validatePostalCodeTest" tests="1" failures="0" timestamp="24 Aug 2018 15:03:49 GMT" time="0.934" errors="0">
  <testcase name="Post_Common_validatePostalCode" time="0.934" classname="com.leedonline.testcases.Post_Common_validatePostalCodeTest"/>
</testsuite> <!-- com.leedonline.testcases.Post_Common_validatePostalCodeTest -->
