<?xml version="1.0" encoding="UTF-8"?>
<!-- Generated by org.testng.reporters.JUnitReportReporter -->
<testsuite hostname="Megha" name="com.leedonline.testcases.Post_Payments_setPayloadTest" tests="1" failures="0" timestamp="23 Jul 2018 16:36:08 GMT" time="0.639" errors="0">
  <testcase name="Post_Payments_setPayload" time="0.639" classname="com.leedonline.testcases.Post_Payments_setPayloadTest"/>
</testsuite> <!-- com.leedonline.testcases.Post_Payments_setPayloadTest -->
