<?xml version="1.0" encoding="UTF-8"?>
<!-- Generated by org.testng.reporters.JUnitReportReporter -->
<testsuite hostname="Megha" name="com.leedonline.testcases.PostValidatePostalCodeTest" tests="1" failures="0" timestamp="4 Jun 2018 18:12:28 GMT" time="0.560" errors="0">
  <testcase name="PostValidatePostalCode" time="0.560" classname="com.leedonline.testcases.PostValidatePostalCodeTest"/>
</testsuite> <!-- com.leedonline.testcases.PostValidatePostalCodeTest -->
