<?xml version="1.0" encoding="UTF-8"?>
<!-- Generated by org.testng.reporters.JUnitReportReporter -->
<testsuite hostname="Megha" name="com.leedonline.testcases.PostValidateCaGBCMemberTest" tests="1" failures="0" timestamp="22 Jun 2018 20:35:12 GMT" time="2.039" errors="0">
  <testcase name="PostValidateCaGBCMember" time="2.039" classname="com.leedonline.testcases.PostValidateCaGBCMemberTest"/>
</testsuite> <!-- com.leedonline.testcases.PostValidateCaGBCMemberTest -->
