<?xml version="1.0" encoding="UTF-8"?>
<!-- Generated by org.testng.reporters.JUnitReportReporter -->
<testsuite hostname="Megha" name="com.leedonline.testcases.GetCountryAndStateTest" tests="1" failures="0" timestamp="4 Jun 2018 18:12:28 GMT" time="0.360" errors="0">
  <testcase name="GetCountryAndStates" time="0.360" classname="com.leedonline.testcases.GetCountryAndStateTest"/>
</testsuite> <!-- com.leedonline.testcases.GetCountryAndStateTest -->
