<?xml version="1.0" encoding="UTF-8"?>
<!-- Generated by org.testng.reporters.JUnitReportReporter -->
<testsuite hostname="Megha" name="com.leedonline.testcases.GetNonceApiTest" tests="1" failures="0" timestamp="2 May 2018 03:47:19 GMT" time="1.273" errors="0">
  <testcase name="getNonceApi" time="1.273" classname="com.leedonline.testcases.GetNonceApiTest"/>
</testsuite> <!-- com.leedonline.testcases.GetNonceApiTest -->
