<?xml version="1.0" encoding="UTF-8"?>
<!-- Generated by org.testng.reporters.JUnitReportReporter -->
<testsuite hostname="Megha" name="com.leedonline.testcases.Post_Api_testAccessDataTest" tests="1" failures="0" timestamp="12 Jul 2018 18:39:33 GMT" time="0.763" errors="0">
  <testcase name="Post_Api_testAccessData" time="0.763" classname="com.leedonline.testcases.Post_Api_testAccessDataTest"/>
</testsuite> <!-- com.leedonline.testcases.Post_Api_testAccessDataTest -->
