<?xml version="1.0" encoding="UTF-8"?>
<!-- Generated by org.testng.reporters.JUnitReportReporter -->
<testsuite hostname="Megha" name="com.leedonline.testcases.Get_Common_getTaxForAmountTest" tests="1" failures="0" timestamp="12 Jul 2018 18:39:33 GMT" time="0.675" errors="0">
  <testcase name="Get_Common_getTaxForAmount" time="0.675" classname="com.leedonline.testcases.Get_Common_getTaxForAmountTest"/>
</testsuite> <!-- com.leedonline.testcases.Get_Common_getTaxForAmountTest -->
