<?xml version="1.0" encoding="UTF-8"?>
<!-- Generated by org.testng.reporters.JUnitReportReporter -->
<testsuite hostname="Megha" name="com.leedonline.testcases.PostApiTestAccessDataTest" tests="1" failures="0" timestamp="19 Jun 2018 00:02:44 GMT" time="0.720" errors="0">
  <testcase name="PostApiTestAccessData" time="0.720" classname="com.leedonline.testcases.PostApiTestAccessDataTest"/>
</testsuite> <!-- com.leedonline.testcases.PostApiTestAccessDataTest -->
