<?xml version="1.0" encoding="UTF-8"?>
<!-- Generated by org.testng.reporters.JUnitReportReporter -->
<testsuite hostname="Megha" name="com.leedonline.testcases.Get_Payments_searchTest" tests="1" failures="0" timestamp="24 Aug 2018 15:03:49 GMT" time="0.806" errors="0">
  <testcase name="Get_Payments_search" time="0.806" classname="com.leedonline.testcases.Get_Payments_searchTest"/>
</testsuite> <!-- com.leedonline.testcases.Get_Payments_searchTest -->
