<?xml version="1.0" encoding="UTF-8"?>
<!-- Generated by org.testng.reporters.JUnitReportReporter -->
<testsuite hostname="Megha" name="com.leedonline.testcases.GetNonceApiTest" tests="1" failures="0" timestamp="1 May 2018 14:43:13 GMT" time="2.128" errors="0">
  <testcase name="getNonceApi" time="2.128" classname="com.leedonline.testcases.GetNonceApiTest"/>
</testsuite> <!-- com.leedonline.testcases.GetNonceApiTest -->
