<?xml version="1.0" encoding="UTF-8"?>
<!-- Generated by org.testng.reporters.JUnitReportReporter -->
<testsuite hostname="Megha" name="com.leedonline.testcases.GetInvalidateTokenApiTest" tests="1" failures="0" timestamp="7 May 2018 19:16:59 GMT" time="0.340" errors="0">
  <testcase name="invalidateTokenApi" time="0.340" classname="com.leedonline.testcases.GetInvalidateTokenApiTest"/>
</testsuite> <!-- com.leedonline.testcases.GetInvalidateTokenApiTest -->
