<?xml version="1.0" encoding="UTF-8"?>
<!-- Generated by org.testng.reporters.JUnitReportReporter -->
<testsuite hostname="Megha" name="com.leedonline.testcases.MemGetInfoApiTest" tests="1" failures="0" timestamp="1 May 2018 18:38:50 GMT" time="0.262" errors="0">
  <testcase name="getMemInfoApi" time="0.262" classname="com.leedonline.testcases.MemGetInfoApiTest"/>
</testsuite> <!-- com.leedonline.testcases.MemGetInfoApiTest -->
