<?xml version="1.0" encoding="UTF-8"?>
<!-- Generated by org.testng.reporters.JUnitReportReporter -->
<testsuite hostname="Megha" name="com.leedonline.testcases.DeleteFileTest" tests="1" failures="0" timestamp="6 Jul 2018 04:39:36 GMT" time="0.767" errors="0">
  <testcase name="deleteFile" time="0.767" classname="com.leedonline.testcases.DeleteFileTest"/>
</testsuite> <!-- com.leedonline.testcases.DeleteFileTest -->
