<?xml version="1.0" encoding="UTF-8"?>
<!-- Generated by org.testng.reporters.JUnitReportReporter -->
<testsuite hostname="Megha" name="com.leedonline.testcases.Get_LEEDPricing_getDefaultVersionTest" tests="1" failures="0" timestamp="12 Jul 2018 18:39:33 GMT" time="0.895" errors="0">
  <testcase name="Get_LEEDPricing_getDefaultVersion" time="0.895" classname="com.leedonline.testcases.Get_LEEDPricing_getDefaultVersionTest"/>
</testsuite> <!-- com.leedonline.testcases.Get_LEEDPricing_getDefaultVersionTest -->
