<?xml version="1.0" encoding="UTF-8"?>
<!-- Generated by org.testng.reporters.JUnitReportReporter -->
<testsuite hostname="Megha" name="com.leedonline.testcases.Post_Api_authenticateTest" tests="1" failures="0" timestamp="12 Jul 2018 15:37:56 GMT" time="4.474" errors="0">
  <testcase name="PostAuthenticateApi" time="4.474" classname="com.leedonline.testcases.Post_Api_authenticateTest"/>
</testsuite> <!-- com.leedonline.testcases.Post_Api_authenticateTest -->
