<?xml version="1.0" encoding="UTF-8"?>
<!-- Generated by org.testng.reporters.JUnitReportReporter -->
<testsuite hostname="Megha" name="com.leedonline.testcases.GetPaymentSearchTest" tests="1" failures="0" timestamp="7 May 2018 19:16:59 GMT" time="0.472" errors="0">
  <testcase name="GetPaymentSearch" time="0.472" classname="com.leedonline.testcases.GetPaymentSearchTest"/>
</testsuite> <!-- com.leedonline.testcases.GetPaymentSearchTest -->
