<?xml version="1.0" encoding="UTF-8"?>
<!-- Generated by org.testng.reporters.JUnitReportReporter -->
<testsuite hostname="Megha" name="com.leedonline.testcases.Get_LEED_leedOrganizationsTest" tests="1" failures="0" timestamp="24 Aug 2018 15:03:49 GMT" time="0.837" errors="0">
  <testcase name="Get_LEED_leedOrganizations" time="0.837" classname="com.leedonline.testcases.Get_LEED_leedOrganizationsTest"/>
</testsuite> <!-- com.leedonline.testcases.Get_LEED_leedOrganizationsTest -->
