<?xml version="1.0" encoding="UTF-8"?>
<!-- Generated by org.testng.reporters.JUnitReportReporter -->
<testsuite hostname="Megha" name="com.leedonline.testcases.GetApiTestAccessData" tests="1" failures="0" timestamp="8 May 2018 21:03:13 GMT" time="0.593" errors="0">
  <testcase name="getApiTestAccessData" time="0.593" classname="com.leedonline.testcases.GetApiTestAccessData"/>
</testsuite> <!-- com.leedonline.testcases.GetApiTestAccessData -->
