<?xml version="1.0" encoding="UTF-8"?>
<!-- Generated by org.testng.reporters.JUnitReportReporter -->
<testsuite hostname="Megha" name="com.leedonline.testcases.DeleteFileTest" tests="1" failures="0" timestamp="22 Jun 2018 20:35:12 GMT" time="0.902" errors="0">
  <testcase name="deleteFile" time="0.902" classname="com.leedonline.testcases.DeleteFileTest"/>
</testsuite> <!-- com.leedonline.testcases.DeleteFileTest -->
