<?xml version="1.0" encoding="UTF-8"?>
<!-- Generated by org.testng.reporters.JUnitReportReporter -->
<testsuite hostname="Megha" name="com.leedonline.testcases.GetFileDmsProxyTest" tests="1" failures="0" timestamp="4 Jun 2018 18:12:28 GMT" time="0.290" errors="0">
  <testcase name="GetFileDmsProxy" time="0.290" classname="com.leedonline.testcases.GetFileDmsProxyTest"/>
</testsuite> <!-- com.leedonline.testcases.GetFileDmsProxyTest -->
