<?xml version="1.0" encoding="UTF-8"?>
<!-- Generated by org.testng.reporters.JUnitReportReporter -->
<testsuite hostname="Megha" name="com.leedonline.testcases.Get_LEEDPricing_getDefaultVersionTest" tests="1" failures="0" timestamp="6 Jul 2018 04:39:36 GMT" time="1.009" errors="0">
  <testcase name="GetLeedPricingDefaultVersion" time="1.009" classname="com.leedonline.testcases.Get_LEEDPricing_getDefaultVersionTest"/>
</testsuite> <!-- com.leedonline.testcases.Get_LEEDPricing_getDefaultVersionTest -->
