<?xml version="1.0" encoding="UTF-8"?>
<!-- Generated by org.testng.reporters.JUnitReportReporter -->
<testsuite hostname="Megha" name="com.leedonline.testcases.PostApiTestAccessData" tests="1" failures="0" timestamp="8 May 2018 21:03:13 GMT" time="0.258" errors="0">
  <testcase name="createApiTestAccessData" time="0.258" classname="com.leedonline.testcases.PostApiTestAccessData"/>
</testsuite> <!-- com.leedonline.testcases.PostApiTestAccessData -->
